<?xml version="1.0" encoding="UTF-8"?>
<testsuite xmlns:xsi="http://www.w3.org/2001/XMLSchema-instance" xsi:noNamespaceSchemaLocation="https://maven.apache.org/surefire/maven-surefire-plugin/xsd/surefire-test-report-3.0.xsd" version="3.0" name="OperationsTest" time="0.123" tests="3" errors="0" skipped="0" failures="0">
  <properties>
[...]
</properties>
  <testcase name="IsDivisible_TwoIntegerNumbers_IsDivisible" classname="OperationsTest" time="0.056"/>
  <testcase name="IsDivisible_TwoIntegerNumbers_IsNotDivisible" classname="OperationsTest" time="0.005"/>
  <testcase name="NextNumber_UserNumberGTown_AddedANumber" classname="OperationsTest" time="0.003"/>
</testsuite>